<?xml version="1.0" encoding="UTF-8"?>
<testsuite xmlns:xsi="http://www.w3.org/2001/XMLSchema-instance" xsi:noNamespaceSchemaLocation="https://maven.apache.org/surefire/maven-surefire-plugin/xsd/surefire-test-report-3.0.xsd" version="3.0" name="edu.escuelaing.arem.ASE.app.MovieServiceTest" time="0.344" tests="2" errors="0" skipped="0" failures="0">
  <properties>
[...]
</properties>
  <testcase name="testExistentMovie" classname="edu.escuelaing.arem.ASE.app.MovieServiceTest" time="0.16">
    <system-out><![CDATA[GET Response Code :: 200
{"Title":"The Avengers","Year":"2012","Rated":"PG-13","Released":"04 May 2012","Runtime":"143 min","Genre":"Action, Sci-Fi","Director":"Joss Whedon","Writer":"Joss Whedon, Zak Penn","Actors":"Robert Downey Jr., Chris Evans, Scarlett Johansson","Plot":"Earth's mightiest heroes must come together and learn to fight as a team if they are going to stop the mischievous Loki and his alien army from enslaving humanity.","Language":"English, Russian","Country":"United States","Awards":"Nominated for 1 Oscar. 38 wins & 81 nominations total","Poster":"https://m.media-amazon.com/images/M/MV5BNDYxNjQyMjAtNTdiOS00NGYwLWFmNTAtNThmYjU5ZGI2YTI1XkEyXkFqcGdeQXVyMTMxODk2OTU@._V1_SX300.jpg","Ratings":[{"Source":"Internet Movie Database","Value":"8.0/10"},{"Source":"Rotten Tomatoes","Value":"91%"},{"Source":"Metacritic","Value":"69/100"}],"Metascore":"69","imdbRating":"8.0","imdbVotes":"1,445,496","imdbID":"tt0848228","Type":"movie","DVD":"22 Jun 2014","BoxOffice":"$623,357,910","Production":"N/A","Website":"N/A","Response":"True"}
GET DONE
]]></system-out>
  </testcase>
  <testcase name="testNonExistMovie" classname="edu.escuelaing.arem.ASE.app.MovieServiceTest" time="0.172">
    <system-out><![CDATA[GET Response Code :: 200
{"Response":"False","Error":"Incorrect IMDb ID."}
GET DONE
]]></system-out>
  </testcase>
</testsuite>